<?xml version="1.0" encoding="UTF-8"?>
<!-- Generated by org.testng.reporters.JUnitReportReporter -->
<testsuite hostname="DESKTOP-OKRRNLE" failures="0" tests="1" name="AutomationTestScripts.LoginwithValidInput" time="1.866" errors="0" timestamp="2024-03-02T19:42:40 IST" skipped="0">
  <testcase classname="AutomationTestScripts.LoginwithValidInput" name="login" time="1.866"/>
</testsuite> <!-- AutomationTestScripts.LoginwithValidInput -->
