<?xml version="1.0" encoding="UTF-8"?>
<!-- Generated by org.testng.reporters.JUnitReportReporter -->
<testsuite hostname="DESKTOP-OKRRNLE" failures="0" tests="2" name="AutomationTestScripts.AddEmployeeTestcase" time="13.700" errors="0" timestamp="2024-03-03T11:25:47 IST" skipped="0">
  <testcase classname="AutomationTestScripts.AddEmployeeTestcase" name="addEmployee" time="10.194"/>
  <testcase classname="AutomationTestScripts.AddEmployeeTestcase" name="searchEmp" time="3.506"/>
</testsuite> <!-- AutomationTestScripts.AddEmployeeTestcase -->
