<?xml version="1.0" encoding="UTF-8"?>
<!-- Generated by org.testng.reporters.JUnitReportReporter -->
<testsuite hostname="DESKTOP-OKRRNLE" failures="0" tests="3" name="AutomationTestScripts.AddEmployeeTestcase" time="21.010" errors="0" timestamp="2024-03-03T19:33:08 IST" skipped="0">
  <testcase classname="AutomationTestScripts.AddEmployeeTestcase" name="addEmployee" time="9.863"/>
  <testcase classname="AutomationTestScripts.AddEmployeeTestcase" name="searchEmp" time="3.493"/>
  <testcase classname="AutomationTestScripts.AddEmployeeTestcase" name="addUser" time="7.654"/>
</testsuite> <!-- AutomationTestScripts.AddEmployeeTestcase -->
