<?xml version="1.0" encoding="UTF-8"?>
<!-- Generated by org.testng.reporters.JUnitReportReporter -->
<testsuite hostname="DESKTOP-OKRRNLE" failures="0" tests="1" name="AutomationTestScripts.IsAdminModuleDisplayed" time="0.426" errors="0" timestamp="2024-03-03T11:25:47 IST" skipped="0">
  <testcase classname="AutomationTestScripts.IsAdminModuleDisplayed" name="isadminModuleDisplayed" time="0.426"/>
</testsuite> <!-- AutomationTestScripts.IsAdminModuleDisplayed -->
