<?xml version="1.0" encoding="UTF-8"?>
<!-- Generated by org.testng.reporters.JUnitReportReporter -->
<testsuite hostname="DESKTOP-OKRRNLE" failures="0" tests="1" name="TestRunners.SelectFlightRoute" time="19.244" errors="0" timestamp="2024-03-08T19:47:43 IST" skipped="0">
  <testcase classname="TestRunners.SelectFlightRoute" name="runScenario" time="19.244"/>
</testsuite> <!-- TestRunners.SelectFlightRoute -->
