<?xml version="1.0" encoding="UTF-8"?>
<!-- Generated by org.testng.reporters.JUnitReportReporter -->
<testsuite hostname="DESKTOP-OKRRNLE" failures="0" tests="1" name="TestRunners.CheckFlightDateTest" time="13.913" errors="0" timestamp="2024-03-08T19:47:43 IST" skipped="0">
  <testcase classname="TestRunners.CheckFlightDateTest" name="runScenario" time="13.913"/>
</testsuite> <!-- TestRunners.CheckFlightDateTest -->
