<?xml version="1.0" encoding="UTF-8"?>
<!-- Generated by org.testng.reporters.JUnitReportReporter -->
<testsuite hostname="DESKTOP-OKRRNLE" failures="0" tests="1" name="TestRunners.SearchFlightsTest" time="10.950" errors="0" timestamp="2024-03-08T19:47:43 IST" skipped="0">
  <testcase classname="TestRunners.SearchFlightsTest" name="runScenario" time="10.950"/>
</testsuite> <!-- TestRunners.SearchFlightsTest -->
