<?xml version="1.0" encoding="UTF-8"?>
<!-- Generated by org.testng.reporters.JUnitReportReporter -->
<testsuite hostname="DESKTOP-OKRRNLE" failures="0" tests="1" name="TestCases.AddUser" time="11.932" errors="0" timestamp="2024-03-05T10:16:10 IST" skipped="0">
  <testcase classname="TestCases.AddUser" name="userRegistration" time="11.932"/>
</testsuite> <!-- TestCases.AddUser -->
