<?xml version="1.0" encoding="UTF-8"?>
<!-- Generated by org.testng.reporters.JUnitReportReporter -->
<testsuite hostname="DESKTOP-OKRRNLE" failures="0" tests="1" name="TestCases.IsSpecificModuleTestCase" time="0.097" errors="0" timestamp="2024-03-04T15:40:25 IST" skipped="0">
  <testcase classname="TestCases.IsSpecificModuleTestCase" name="isModuleDisplayed" time="0.097"/>
</testsuite> <!-- TestCases.IsSpecificModuleTestCase -->
