<?xml version="1.0" encoding="UTF-8"?>
<!-- Generated by org.testng.reporters.JUnitReportReporter -->
<testsuite hostname="DESKTOP-OKRRNLE" failures="0" tests="1" name="TestCases.AddEmployee" time="15.244" errors="0" timestamp="2024-03-04T16:53:38 IST" skipped="0">
  <testcase classname="TestCases.AddEmployee" name="empreg" time="15.244"/>
</testsuite> <!-- TestCases.AddEmployee -->
