<?xml version="1.0" encoding="UTF-8"?>
<!-- Generated by org.testng.reporters.JUnitReportReporter -->
<testsuite hostname="DESKTOP-OKRRNLE" failures="0" tests="1" name="TestCases.EmployeeLoginTest" time="0.045" errors="0" timestamp="2024-03-05T10:16:10 IST" skipped="0">
  <testcase classname="TestCases.EmployeeLoginTest" name="employeeName" time="0.045"/>
</testsuite> <!-- TestCases.EmployeeLoginTest -->
