<?xml version="1.0" encoding="UTF-8"?>
<!-- Generated by org.testng.reporters.JUnitReportReporter -->
<testsuite hostname="DESKTOP-OKRRNLE" failures="0" tests="1" name="TestCases.AdminModuleTestCase" time="0.600" errors="0" timestamp="2024-03-03T20:58:11 IST" skipped="0">
  <testcase classname="TestCases.AdminModuleTestCase" name="isAdminModule" time="0.600"/>
</testsuite> <!-- TestCases.AdminModuleTestCase -->
