<?xml version="1.0" encoding="UTF-8"?>
<!-- Generated by org.testng.reporters.JUnitReportReporter -->
<testsuite hostname="DESKTOP-OKRRNLE" failures="0" tests="1" name="TestCases.UserManagement" time="2.575" errors="0" timestamp="2024-03-05T10:05:13 IST" skipped="0">
  <testcase classname="TestCases.UserManagement" name="CheckEmployeeAsUser" time="2.575"/>
</testsuite> <!-- TestCases.UserManagement -->
