<?xml version="1.0" encoding="UTF-8"?>
<!-- Generated by org.testng.reporters.JUnitReportReporter -->
<testsuite hostname="DESKTOP-OKRRNLE" failures="0" tests="1" name="TestCases.AddUser" time="11.877" errors="0" timestamp="2024-03-04T16:53:38 IST" skipped="0">
  <testcase classname="TestCases.AddUser" name="userRegistration" time="11.877"/>
</testsuite> <!-- TestCases.AddUser -->
